0 info it worked if it ends with ok
1 verbose cli [ '/home/luobo/nvm/v0.8.22/bin/node',
1 verbose cli   '/home/luobo/nvm/v0.8.22/bin/npm',
1 verbose cli   'version',
1 verbose cli   'patch' ]
2 info using npm@1.2.14
3 info using node@v0.8.22
4 silly exec git "status" "--porcelain"
5 silly git,status,--porcelain, spawning
6 error Error: Git working directory not clean.
6 error M dist/mcss-latest.js
6 error D npm-debug.log
6 error M package.json
6 error D test/css/_import1.css
6 error D test/css/_import2.css
6 error D test/css/nested.mcss
6 error D test/data/import1.mcss
6 error D test/data/import2.mcss
6 error D test/data/import3.mcss
6 error D test/data/interpolate.mcss
6 error D test/data/parse.mcss
6 error D test/data/sample.css
6 error D test/data/simple.mcss
6 error D test/mcss/aa.mcss
6 error D test/mcss/function_color.mcss
6 error D test/mcss/mcss.json
6 error D test/mcss/vendors/large.jpg
6 error D test/mcss/vendors/small.jpg
6 error     at /home/luobo/nvm/v0.8.22/lib/node_modules/npm/lib/version.js:82:33
6 error     at ChildProcess.<anonymous> (/home/luobo/nvm/v0.8.22/lib/node_modules/npm/lib/utils/exec.js:61:5)
6 error     at ChildProcess.EventEmitter.emit (events.js:99:17)
6 error     at maybeClose (child_process.js:638:16)
6 error     at Socket.ChildProcess.spawn.stdin (child_process.js:815:11)
6 error     at Socket.EventEmitter.emit (events.js:96:17)
6 error     at Socket._destroy.destroyed (net.js:358:10)
6 error     at process.startup.processNextTick.process._tickCallback (node.js:245:9)
7 error If you need help, you may report this log at:
7 error     <http://github.com/isaacs/npm/issues>
7 error or email it to:
7 error     <npm-@googlegroups.com>
8 error System Linux 3.2.0-39-generic
9 error command "/home/luobo/nvm/v0.8.22/bin/node" "/home/luobo/nvm/v0.8.22/bin/npm" "version" "patch"
10 error cwd /home/luobo/code/mcss
11 error node -v v0.8.22
12 error npm -v 1.2.14
13 verbose exit [ 1, true ]
